<?xml version="1.0" encoding="UTF-8"?>
<!-- Generated by org.testng.reporters.JUnitReportReporter -->
<testsuite hostname="SVRODK00071" name="Session4.TestNG.TestSession4" tests="1" failures="0" timestamp="19 Jul 2018 10:39:26 GMT" time="1.768" errors="0">
  <testcase name="testAutomationEmptySend" time="1.768" classname="Session4.TestNG.TestSession4"/>
</testsuite> <!-- Session4.TestNG.TestSession4 -->
