<?xml version="1.0" encoding="UTF-8"?>
<!-- Generated by org.testng.reporters.JUnitReportReporter -->
<testsuite hostname="SVRODK00071" name="Session4.TestNG.TestLogin" tests="1" failures="0" timestamp="19 Jul 2018 10:38:08 GMT" time="6.832" errors="0">
  <testcase name="login" time="6.832" classname="Session4.TestNG.TestLogin"/>
</testsuite> <!-- Session4.TestNG.TestLogin -->
