<?xml version="1.0" encoding="UTF-8"?>
<!-- Generated by org.testng.reporters.JUnitReportReporter -->
<testsuite skipped="0" hostname="SVRODK00071" name="Session4.TestNG.ContactTest" tests="2" failures="0" timestamp="23 Jul 2018 12:36:36 GMT" time="5.044" errors="0">
  <testcase name="testAutomationEmptySend" time="2.825" classname="Session4.TestNG.ContactTest"/>
  <testcase name="testAutomationContact" time="2.219" classname="Session4.TestNG.ContactTest"/>
</testsuite> <!-- Session4.TestNG.ContactTest -->
