<?xml version="1.0" encoding="UTF-8"?>
<!-- Generated by org.testng.reporters.JUnitReportReporter -->
<testsuite skipped="0" hostname="SVRODK00071" name="Session4.TestNG.SignInPageTest" tests="1" failures="0" timestamp="23 Jul 2018 13:03:33 GMT" time="19.815" errors="0">
  <testcase name="loginBad" time="19.815" classname="Session4.TestNG.SignInPageTest"/>
</testsuite> <!-- Session4.TestNG.SignInPageTest -->
