<?xml version="1.0" encoding="UTF-8"?>
<!-- Generated by org.testng.reporters.JUnitReportReporter -->
<testsuite hostname="SVRODK00071" name="Session4.TestNG.LoginTest" tests="1" failures="0" timestamp="19 Jul 2018 12:02:45 GMT" time="6.977" errors="0">
  <testcase name="login" time="6.977" classname="Session4.TestNG.LoginTest"/>
</testsuite> <!-- Session4.TestNG.LoginTest -->
