<?xml version="1.0" encoding="UTF-8"?>
<!-- Generated by org.testng.reporters.JUnitReportReporter -->
<testsuite skipped="0" hostname="SVRODK00071" name="fraameworkTest.ContactTest" tests="2" failures="0" timestamp="23 Jul 2018 14:51:56 GMT" time="4.564" errors="0">
  <testcase name="testAutomationContact" time="2.154" classname="fraameworkTest.ContactTest"/>
  <testcase name="testAutomationEmptySend" time="2.410" classname="fraameworkTest.ContactTest"/>
</testsuite> <!-- fraameworkTest.ContactTest -->
