<?xml version="1.0" encoding="UTF-8"?>
<!-- Generated by org.testng.reporters.JUnitReportReporter -->
<testsuite skipped="0" hostname="SVRODK00071" name="Session4.TestNG.HomePageTest" tests="1" failures="0" timestamp="23 Jul 2018 12:36:36 GMT" time="1.054" errors="0">
  <testcase name="inHomePage" time="1.054" classname="Session4.TestNG.HomePageTest"/>
</testsuite> <!-- Session4.TestNG.HomePageTest -->
