<?xml version="1.0" encoding="UTF-8"?>
<!-- Generated by org.testng.reporters.JUnitReportReporter -->
<testsuite hostname="SVRODK00071" name="Session4.TestNG.SearchTest" tests="1" failures="0" timestamp="19 Jul 2018 12:58:56 GMT" time="3.873" errors="0">
  <testcase name="searchTest" time="3.873" classname="Session4.TestNG.SearchTest"/>
</testsuite> <!-- Session4.TestNG.SearchTest -->
