<?xml version="1.0" encoding="UTF-8"?>
<!-- Generated by org.testng.reporters.JUnitReportReporter -->
<testsuite skipped="0" hostname="SVRODK00071" name="fraameworkTest.SignInPageTest" tests="3" failures="0" timestamp="23 Jul 2018 14:51:56 GMT" time="42.537" errors="0">
  <testcase name="inSignIn" time="4.541" classname="fraameworkTest.SignInPageTest"/>
  <testcase name="login" time="19.263" classname="fraameworkTest.SignInPageTest"/>
  <testcase name="loginBad" time="18.733" classname="fraameworkTest.SignInPageTest"/>
</testsuite> <!-- fraameworkTest.SignInPageTest -->
