<?xml version="1.0" encoding="UTF-8"?>
<!-- Generated by org.testng.reporters.JUnitReportReporter -->
<testsuite skipped="0" hostname="SVRODK00071" name="fraameworkTest.HomePageTest" tests="1" failures="0" timestamp="02 Aug 2018 12:40:44 GMT" time="31.784" errors="0">
  <testcase name="textCheck" time="31.784" classname="fraameworkTest.HomePageTest"/>
</testsuite> <!-- fraameworkTest.HomePageTest -->
