<?xml version="1.0" encoding="UTF-8"?>
<!-- Generated by org.testng.reporters.JUnitReportReporter -->
<testsuite hostname="SVRODK00071" name="Session4.TestNG.TestBase" tests="1" failures="0" timestamp="18 Jul 2018 13:20:36 GMT" time="0.006" errors="0">
  <testcase name="testMethod1" time="0.006" classname="Session4.TestNG.TestBase"/>
</testsuite> <!-- Session4.TestNG.TestBase -->
